[33m[nodemon] 1.19.4[39m
[33m[nodemon] to restart at any time, enter `rs`[39m
[33m[nodemon] watching dir(s): *.*[39m
[33m[nodemon] watching extensions: js,mjs,json[39m
[32m[nodemon] starting `node --inspect ./server.js ./server.js`[39m
[31m[nodemon] app crashed - waiting for file changes before starting...[39m
[32m[nodemon] restarting due to changes...[39m
[32m[nodemon] starting `node --inspect ./server.js ./server.js`[39m
[31m[nodemon] app crashed - waiting for file changes before starting...[39m
[32m[nodemon] restarting due to changes...[39m
[32m[nodemon] starting `node --inspect ./server.js ./server.js`[39m
[32m[nodemon] restarting due to changes...[39m
[32m[nodemon] starting `node --inspect ./server.js ./server.js`[39m
[31m[nodemon] app crashed - waiting for file changes before starting...[39m
[32m[nodemon] restarting due to changes...[39m
[32m[nodemon] starting `node --inspect ./server.js ./server.js`[39m
[Fri Nov 01 2019 12:12:08 GMT+0900 (Japan Standard Time)] GET localhost /api-docs/ 200 3104 - 11.652
[Fri Nov 01 2019 12:12:08 GMT+0900 (Japan Standard Time)] GET localhost /api-docs/swagger-ui-init.js 200 1625 - 0.682
[Fri Nov 01 2019 12:12:08 GMT+0900 (Japan Standard Time)] GET localhost /api-docs/swagger-ui-standalone-preset.js 200 307021 - 14.101
[Fri Nov 01 2019 12:12:08 GMT+0900 (Japan Standard Time)] GET localhost /api-docs/swagger-ui-bundle.js 200 973897 - 13.120
[Fri Nov 01 2019 12:12:08 GMT+0900 (Japan Standard Time)] GET localhost /api-docs/swagger-ui.css 200 141808 - 59.405
[Fri Nov 01 2019 12:12:09 GMT+0900 (Japan Standard Time)] GET localhost /api-docs/favicon-32x32.png 200 628 - 2.425
[Fri Nov 01 2019 12:20:57 GMT+0900 (Japan Standard Time)] GET localhost /api/menu 400 307 - 477.073
[32m[nodemon] restarting due to changes...[39m
[32m[nodemon] starting `node --inspect ./server.js ./server.js`[39m
Executing (default): SELECT "id", "menu_id", "label", "title", "value", "parent_id", "createdAt", "updatedAt" FROM "Menus" AS "Menu" LIMIT 10000;
[Fri Nov 01 2019 12:21:38 GMT+0900 (Japan Standard Time)] GET localhost /api/menu 201 1693 - 517.023
Executing (default): INSERT INTO "Menus" ("id","menu_id","label","title","value","parent_id","createdAt","updatedAt") VALUES (DEFAULT,$1,$2,$3,$4,$5,$6,$7) RETURNING *;
[Fri Nov 01 2019 12:24:59 GMT+0900 (Japan Standard Time)] POST localhost /api/menu 400 8672 - 174.780
Executing (default): INSERT INTO "Menus" ("id","menu_id","label","title","value","parent_id","createdAt","updatedAt") VALUES (DEFAULT,$1,$2,$3,$4,$5,$6,$7) RETURNING *;
[Fri Nov 01 2019 12:25:20 GMT+0900 (Japan Standard Time)] POST localhost /api/menu 201 2498 - 96.005
Executing (default): SELECT "id", "menu_id", "label", "title", "value", "parent_id", "createdAt", "updatedAt" FROM "Menus" AS "Menu" LIMIT 10000;
[Fri Nov 01 2019 12:25:40 GMT+0900 (Japan Standard Time)] GET localhost /api/menu 201 4192 - 71.718
[Fri Nov 01 2019 12:26:21 GMT+0900 (Japan Standard Time)] GET localhost /api-docs/ 200 3104 - 4.954
[Fri Nov 01 2019 12:26:21 GMT+0900 (Japan Standard Time)] GET localhost /api-docs/swagger-ui-init.js 200 1625 - 0.391
[Fri Nov 01 2019 12:26:21 GMT+0900 (Japan Standard Time)] GET localhost /api-docs/swagger-ui.css 200 141808 - 10.169
[Fri Nov 01 2019 12:26:21 GMT+0900 (Japan Standard Time)] GET localhost /api-docs/swagger-ui-bundle.js 200 973897 - 18.138
[Fri Nov 01 2019 12:26:21 GMT+0900 (Japan Standard Time)] GET localhost /api-docs/swagger-ui-standalone-preset.js 200 307021 - 33.622
[32m[nodemon] restarting due to changes...[39m
[32m[nodemon] starting `node --inspect ./server.js ./server.js`[39m
[Fri Nov 01 2019 12:28:17 GMT+0900 (Japan Standard Time)] GET localhost /api-docs/ 304 - - 9.341
[Fri Nov 01 2019 12:28:17 GMT+0900 (Japan Standard Time)] GET localhost /api-docs/swagger-ui.css 304 - - 6.206
[Fri Nov 01 2019 12:28:17 GMT+0900 (Japan Standard Time)] GET localhost /api-docs/swagger-ui-bundle.js 304 - - 7.593
[Fri Nov 01 2019 12:28:17 GMT+0900 (Japan Standard Time)] GET localhost /api-docs/swagger-ui-init.js 200 1584 - 1.281
[Fri Nov 01 2019 12:28:17 GMT+0900 (Japan Standard Time)] GET localhost /api-docs/swagger-ui-standalone-preset.js 304 - - 5.037
[Fri Nov 01 2019 12:28:18 GMT+0900 (Japan Standard Time)] GET localhost /api-docs/favicon-32x32.png 200 628 - 7.575
[32m[nodemon] restarting due to changes...[39m
[32m[nodemon] starting `node --inspect ./server.js ./server.js`[39m
[32m[nodemon] restarting due to changes...[39m
[32m[nodemon] starting `node --inspect ./server.js ./server.js`[39m
[32m[nodemon] restarting due to changes...[39m
[32m[nodemon] starting `node --inspect ./server.js ./server.js`[39m
[Fri Nov 01 2019 12:29:10 GMT+0900 (Japan Standard Time)] GET localhost /api-docs/ 304 - - 10.071
[Fri Nov 01 2019 12:29:10 GMT+0900 (Japan Standard Time)] GET localhost /api-docs/swagger-ui.css 304 - - 6.487
[Fri Nov 01 2019 12:29:10 GMT+0900 (Japan Standard Time)] GET localhost /api-docs/swagger-ui-init.js 200 1634 - 1.243
[Fri Nov 01 2019 12:29:10 GMT+0900 (Japan Standard Time)] GET localhost /api-docs/swagger-ui-bundle.js 304 - - 4.677
[Fri Nov 01 2019 12:29:10 GMT+0900 (Japan Standard Time)] GET localhost /api-docs/swagger-ui-standalone-preset.js 304 - - 4.907
[Fri Nov 01 2019 12:29:11 GMT+0900 (Japan Standard Time)] GET localhost /api-docs/favicon-32x32.png 304 - - 0.842
[32m[nodemon] restarting due to changes...[39m
[32m[nodemon] starting `node --inspect ./server.js ./server.js`[39m
[Fri Nov 01 2019 12:29:45 GMT+0900 (Japan Standard Time)] GET localhost /api-docs/ 304 - - 8.888
[Fri Nov 01 2019 12:29:45 GMT+0900 (Japan Standard Time)] GET localhost /api-docs/swagger-ui.css 304 - - 4.492
[Fri Nov 01 2019 12:29:45 GMT+0900 (Japan Standard Time)] GET localhost /api-docs/swagger-ui-init.js 200 1610 - 1.261
[Fri Nov 01 2019 12:29:45 GMT+0900 (Japan Standard Time)] GET localhost /api-docs/swagger-ui-bundle.js 304 - - 6.274
[Fri Nov 01 2019 12:29:45 GMT+0900 (Japan Standard Time)] GET localhost /api-docs/swagger-ui-standalone-preset.js 304 - - 6.463
[Fri Nov 01 2019 12:29:46 GMT+0900 (Japan Standard Time)] GET localhost /api-docs/favicon-32x32.png 200 628 - 6.423
[Fri Nov 01 2019 12:29:51 GMT+0900 (Japan Standard Time)] GET localhost /api-docs/ 304 - - 1.296
[Fri Nov 01 2019 12:29:51 GMT+0900 (Japan Standard Time)] GET localhost /api-docs/swagger-ui.css 304 - - 2.185
[Fri Nov 01 2019 12:29:51 GMT+0900 (Japan Standard Time)] GET localhost /api-docs/swagger-ui-bundle.js 304 - - 0.725
[Fri Nov 01 2019 12:29:51 GMT+0900 (Japan Standard Time)] GET localhost /api-docs/swagger-ui-init.js 304 - - 0.384
[Fri Nov 01 2019 12:29:51 GMT+0900 (Japan Standard Time)] GET localhost /api-docs/swagger-ui-standalone-preset.js 304 - - 1.592
[32m[nodemon] restarting due to changes...[39m
[32m[nodemon] starting `node --inspect ./server.js ./server.js`[39m
[Fri Nov 01 2019 12:30:41 GMT+0900 (Japan Standard Time)] GET localhost /api-docs/ 304 - - 7.066
[Fri Nov 01 2019 12:30:41 GMT+0900 (Japan Standard Time)] GET localhost /api-docs/swagger-ui.css 304 - - 3.295
[Fri Nov 01 2019 12:30:41 GMT+0900 (Japan Standard Time)] GET localhost /api-docs/swagger-ui-bundle.js 304 - - 4.649
[Fri Nov 01 2019 12:30:41 GMT+0900 (Japan Standard Time)] GET localhost /api-docs/swagger-ui-standalone-preset.js 304 - - 2.005
[Fri Nov 01 2019 12:30:41 GMT+0900 (Japan Standard Time)] GET localhost /api-docs/swagger-ui-init.js 200 1625 - 1.189
[Fri Nov 01 2019 12:30:42 GMT+0900 (Japan Standard Time)] GET localhost /api-docs/favicon-32x32.png 200 628 - 3.949
[Fri Nov 01 2019 12:30:49 GMT+0900 (Japan Standard Time)] GET localhost /api-docs/ 304 - - 1.212
[Fri Nov 01 2019 12:30:49 GMT+0900 (Japan Standard Time)] GET localhost /api-docs/swagger-ui.css 304 - - 1.030
[Fri Nov 01 2019 12:30:49 GMT+0900 (Japan Standard Time)] GET localhost /api-docs/swagger-ui-bundle.js 304 - - 1.512
[Fri Nov 01 2019 12:30:49 GMT+0900 (Japan Standard Time)] GET localhost /api-docs/swagger-ui-init.js 304 - - 0.350
[Fri Nov 01 2019 12:30:49 GMT+0900 (Japan Standard Time)] GET localhost /api-docs/swagger-ui-standalone-preset.js 304 - - 2.023
[32m[nodemon] restarting due to changes...[39m
[32m[nodemon] starting `node --inspect ./server.js ./server.js`[39m
[Fri Nov 01 2019 12:31:40 GMT+0900 (Japan Standard Time)] GET localhost /api-docs/ 304 - - 7.010
[Fri Nov 01 2019 12:31:40 GMT+0900 (Japan Standard Time)] GET localhost /api-docs/swagger-ui.css 304 - - 5.953
[Fri Nov 01 2019 12:31:40 GMT+0900 (Japan Standard Time)] GET localhost /api-docs/swagger-ui-init.js 200 1634 - 1.452
[Fri Nov 01 2019 12:31:40 GMT+0900 (Japan Standard Time)] GET localhost /api-docs/swagger-ui-bundle.js 304 - - 5.599
[Fri Nov 01 2019 12:31:40 GMT+0900 (Japan Standard Time)] GET localhost /api-docs/swagger-ui-standalone-preset.js 304 - - 5.819
[Fri Nov 01 2019 12:31:49 GMT+0900 (Japan Standard Time)] GET localhost /api/v1/menu 404 150 - 2.671
[32m[nodemon] restarting due to changes...[39m
[32m[nodemon] starting `node --inspect ./server.js ./server.js`[39m
[Fri Nov 01 2019 12:32:21 GMT+0900 (Japan Standard Time)] GET localhost /api/v1/menu 404 150 - 4.318
[Fri Nov 01 2019 12:32:31 GMT+0900 (Japan Standard Time)] GET localhost /api-docs/ 304 - - 9.316
[Fri Nov 01 2019 12:32:31 GMT+0900 (Japan Standard Time)] GET localhost /api-docs/swagger-ui.css 304 - - 6.167
[Fri Nov 01 2019 12:32:31 GMT+0900 (Japan Standard Time)] GET localhost /api-docs/swagger-ui-init.js 200 1631 - 1.885
[Fri Nov 01 2019 12:32:31 GMT+0900 (Japan Standard Time)] GET localhost /api-docs/swagger-ui-bundle.js 304 - - 5.126
[Fri Nov 01 2019 12:32:31 GMT+0900 (Japan Standard Time)] GET localhost /api-docs/swagger-ui-standalone-preset.js 304 - - 1.541
[32m[nodemon] restarting due to changes...[39m
[32m[nodemon] starting `node --inspect ./server.js ./server.js`[39m
[Fri Nov 01 2019 12:32:46 GMT+0900 (Japan Standard Time)] GET localhost /api-docs/ 304 - - 8.703
[Fri Nov 01 2019 12:32:46 GMT+0900 (Japan Standard Time)] GET localhost /api-docs/swagger-ui.css 304 - - 6.488
[Fri Nov 01 2019 12:32:46 GMT+0900 (Japan Standard Time)] GET localhost /api-docs/swagger-ui-bundle.js 304 - - 7.356
[Fri Nov 01 2019 12:32:46 GMT+0900 (Japan Standard Time)] GET localhost /api-docs/swagger-ui-standalone-preset.js 304 - - 2.132
[Fri Nov 01 2019 12:32:46 GMT+0900 (Japan Standard Time)] GET localhost /api-docs/swagger-ui-init.js 200 1631 - 1.368
[Fri Nov 01 2019 12:32:46 GMT+0900 (Japan Standard Time)] GET localhost /api-docs/favicon-32x32.png 200 628 - 4.728
Executing (default): SELECT "id", "menu_id", "label", "title", "value", "parent_id", "createdAt", "updatedAt" FROM "Menus" AS "Menu" LIMIT 10000;
[Fri Nov 01 2019 12:32:54 GMT+0900 (Japan Standard Time)] GET localhost /api/menu 201 4192 - 217.551
[32m[nodemon] restarting due to changes...[39m
[32m[nodemon] starting `node --inspect ./server.js ./server.js`[39m
Executing (default): SELECT "id", "menu_id", "label", "title", "value", "parent_id", "createdAt", "updatedAt" FROM "Menus" AS "Menu" LIMIT 10000;
[Fri Nov 01 2019 12:33:48 GMT+0900 (Japan Standard Time)] GET localhost /api/menu 201 4192 - 224.612
[Fri Nov 01 2019 12:33:59 GMT+0900 (Japan Standard Time)] GET localhost /api-docs/ 304 - - 3.855
[Fri Nov 01 2019 12:33:59 GMT+0900 (Japan Standard Time)] GET localhost /api-docs/swagger-ui.css 304 - - 5.041
[Fri Nov 01 2019 12:33:59 GMT+0900 (Japan Standard Time)] GET localhost /api-docs/swagger-ui-bundle.js 304 - - 6.851
[Fri Nov 01 2019 12:33:59 GMT+0900 (Japan Standard Time)] GET localhost /api-docs/swagger-ui-standalone-preset.js 304 - - 1.252
[Fri Nov 01 2019 12:33:59 GMT+0900 (Japan Standard Time)] GET localhost /api-docs/swagger-ui-init.js 200 1668 - 0.623
[32m[nodemon] restarting due to changes...[39m
[32m[nodemon] starting `node --inspect ./server.js ./server.js`[39m
[31m[nodemon] app crashed - waiting for file changes before starting...[39m
[32m[nodemon] restarting due to changes...[39m
[32m[nodemon] starting `node --inspect ./server.js ./server.js`[39m
[32m[nodemon] restarting due to changes...[39m
[32m[nodemon] starting `node --inspect ./server.js ./server.js`[39m
[32m[nodemon] restarting due to changes...[39m
[32m[nodemon] starting `node --inspect ./server.js ./server.js`[39m
[Fri Nov 01 2019 12:38:57 GMT+0900 (Japan Standard Time)] GET localhost /api-docs/ 304 - - 7.322
[Fri Nov 01 2019 12:38:57 GMT+0900 (Japan Standard Time)] GET localhost /api-docs/swagger-ui.css 304 - - 6.111
[Fri Nov 01 2019 12:38:57 GMT+0900 (Japan Standard Time)] GET localhost /api-docs/swagger-ui-init.js 200 3162 - 1.237
[Fri Nov 01 2019 12:38:57 GMT+0900 (Japan Standard Time)] GET localhost /api-docs/swagger-ui-bundle.js 304 - - 4.582
[Fri Nov 01 2019 12:38:57 GMT+0900 (Japan Standard Time)] GET localhost /api-docs/swagger-ui-standalone-preset.js 304 - - 4.855
[32m[nodemon] restarting due to changes...[39m
[32m[nodemon] starting `node --inspect ./server.js ./server.js`[39m
[32m[nodemon] restarting due to changes...[39m
[32m[nodemon] starting `node --inspect ./server.js ./server.js`[39m
[Fri Nov 01 2019 12:40:23 GMT+0900 (Japan Standard Time)] GET localhost /api-docs/ 304 - - 11.240
[Fri Nov 01 2019 12:40:23 GMT+0900 (Japan Standard Time)] GET localhost /api-docs/swagger-ui.css 304 - - 4.739
[Fri Nov 01 2019 12:40:23 GMT+0900 (Japan Standard Time)] GET localhost /api-docs/swagger-ui-standalone-preset.js 304 - - 5.650
[Fri Nov 01 2019 12:40:23 GMT+0900 (Japan Standard Time)] GET localhost /api-docs/swagger-ui-init.js 200 3158 - 1.206
[Fri Nov 01 2019 12:40:23 GMT+0900 (Japan Standard Time)] GET localhost /api-docs/swagger-ui-bundle.js 304 - - 9.135
[Fri Nov 01 2019 12:40:23 GMT+0900 (Japan Standard Time)] GET localhost /api-docs/favicon-32x32.png 200 628 - 3.609
[32m[nodemon] restarting due to changes...[39m
[32m[nodemon] starting `node --inspect ./server.js ./server.js`[39m
[32m[nodemon] restarting due to changes...[39m
[32m[nodemon] starting `node --inspect ./server.js ./server.js`[39m
[32m[nodemon] restarting due to changes...[39m
[32m[nodemon] starting `node --inspect ./server.js ./server.js`[39m
[Fri Nov 01 2019 12:43:43 GMT+0900 (Japan Standard Time)] GET localhost /api-docs/ 304 - - 7.813
[Fri Nov 01 2019 12:43:43 GMT+0900 (Japan Standard Time)] GET localhost /api-docs/swagger-ui.css 304 - - 6.100
[Fri Nov 01 2019 12:43:43 GMT+0900 (Japan Standard Time)] GET localhost /api-docs/swagger-ui-bundle.js 304 - - 3.793
[Fri Nov 01 2019 12:43:43 GMT+0900 (Japan Standard Time)] GET localhost /api-docs/swagger-ui-init.js 200 3267 - 1.220
[Fri Nov 01 2019 12:43:43 GMT+0900 (Japan Standard Time)] GET localhost /api-docs/swagger-ui-standalone-preset.js 304 - - 3.695
[32m[nodemon] restarting due to changes...[39m
[32m[nodemon] starting `node --inspect ./server.js ./server.js`[39m
Terminate batch job (Y/N)? 